<?xml version="1.0" encoding="UTF-8"?>
<!-- Generated by org.testng.reporters.JUnitReportReporter -->
<testsuite skipped="0" hostname="SKALOKHE2L2" name="Academy.HomePage" tests="2" failures="0" timestamp="2020-03-01T15:09:48 IST" time="18.971" errors="0">
  <testcase name="basePageNavigation" time="7.450" classname="Academy.HomePage"/>
  <system-out/>
  <testcase name="basePageNavigation" time="11.521" classname="Academy.HomePage"/>
  <system-out/>
</testsuite> <!-- Academy.HomePage -->
